<?xml version="1.0" encoding="UTF-8"?>
<!-- Generated by org.testng.reporters.JUnitReportReporter -->
<testsuite skipped="0" hostname="Oras-PC" name="stremAndLemda.Stream" tests="1" failures="0" timestamp="2020-09-05T16:50:35 EDT" time="0.028" errors="0">
  <testcase name="streamMap" time="0.028" classname="stremAndLemda.Stream"/>
  <system-out/>
</testsuite> <!-- stremAndLemda.Stream -->
